<?xml version="1.0" encoding="UTF-8"?>
<!-- Generated by org.testng.reporters.JUnitReportReporter -->
<testsuite skipped="0" hostname="DESKTOP-DQ56HI0" name="logJ.Test.Pages.gogglePageTest" tests="1" failures="0" timestamp="2020-09-10T11:08:38 AEST" time="12.008" errors="0">
  <testcase name="testLogo" time="12.008" classname="logJ.Test.Pages.gogglePageTest"/>
  <system-out/>
</testsuite> <!-- logJ.Test.Pages.gogglePageTest -->
